start of program
start of program
lower hiddenSize to 64, increase step of para list to 4, include every GNN output to input of the RF 
Namespace(batchSize=256, cutnum=10, dataset='diginetica', epoch=30, hiddenSize=64, l2=0.0001, lr=0.001, lr_dc=0.1, lr_dc_step=10, patience=2, step=4, tau=12)
-------------------------------------------------------
epoch:  0
start training:  2022-12-29 11:47:02.531609
[0/2811] Loss: 11.5458
[563/2811] Loss: 8.6270
[1126/2811] Loss: 6.6519
[1689/2811] Loss: 5.5573
[2252/2811] Loss: 5.4646
	Loss:	19630.619
start predicting:  2022-12-29 12:12:34.995550
Best Result:
	Recall@20:	51.9072	MMR@20:	17.7442	Epoch:	0,	0
-------------------------------------------------------
epoch:  1
start training:  2022-12-29 12:14:38.343225
[0/2811] Loss: 7.0627
[563/2811] Loss: 5.1328
[1126/2811] Loss: 5.0307
[1689/2811] Loss: 4.5752
[2252/2811] Loss: 4.9443
	Loss:	14276.733
start predicting:  2022-12-29 12:39:59.734479
Best Result:
	Recall@20:	54.2065	MMR@20:	18.3484	Epoch:	1,	1
-------------------------------------------------------
epoch:  2
start training:  2022-12-29 12:42:00.589567
[0/2811] Loss: 6.1917
[563/2811] Loss: 4.8838
[1126/2811] Loss: 4.8933
[1689/2811] Loss: 4.5080
[2252/2811] Loss: 4.8379
	Loss:	13795.905
start predicting:  2022-12-29 13:07:12.678197
Best Result:
	Recall@20:	54.5602	MMR@20:	18.5134	Epoch:	2,	2
-------------------------------------------------------
epoch:  3
start training:  2022-12-29 13:09:17.849640
[0/2811] Loss: 6.0099
[563/2811] Loss: 4.8348
[1126/2811] Loss: 4.8430
[1689/2811] Loss: 4.4798
[2252/2811] Loss: 4.7928
	Loss:	13641.434
start predicting:  2022-12-29 13:34:22.102975
Best Result:
	Recall@20:	54.6443	MMR@20:	18.5940	Epoch:	3,	3
-------------------------------------------------------
epoch:  4
start training:  2022-12-29 13:36:16.806749
[0/2811] Loss: 5.9262
[563/2811] Loss: 4.7821
[1126/2811] Loss: 4.8178
[1689/2811] Loss: 4.4757
[2252/2811] Loss: 4.7669
	Loss:	13556.356
start predicting:  2022-12-29 14:01:11.489239
Best Result:
	Recall@20:	54.6689	MMR@20:	18.6304	Epoch:	4,	4
-------------------------------------------------------
epoch:  5
start training:  2022-12-29 14:03:08.986505
[0/2811] Loss: 5.8651
[563/2811] Loss: 4.7665
[1126/2811] Loss: 4.8039
[1689/2811] Loss: 4.4791
[2252/2811] Loss: 4.7521
	Loss:	13501.333
start predicting:  2022-12-29 14:27:54.293722
Best Result:
	Recall@20:	54.6689	MMR@20:	18.6585	Epoch:	4,	5
-------------------------------------------------------
epoch:  6
start training:  2022-12-29 14:29:48.313177
[0/2811] Loss: 5.8375
[563/2811] Loss: 4.7281
[1126/2811] Loss: 4.7828
[1689/2811] Loss: 4.4829
[2252/2811] Loss: 4.7335
	Loss:	13463.576
start predicting:  2022-12-29 14:54:22.262164
Best Result:
	Recall@20:	54.6689	MMR@20:	18.6661	Epoch:	4,	6
-------------------------------------------------------
epoch:  7
start training:  2022-12-29 14:56:17.646208
[0/2811] Loss: 5.8068
[563/2811] Loss: 4.7304
[1126/2811] Loss: 4.7710
[1689/2811] Loss: 4.4818
[2252/2811] Loss: 4.7281
	Loss:	13435.304
start predicting:  2022-12-29 15:20:44.138429
Best Result:
	Recall@20:	54.6718	MMR@20:	18.6983	Epoch:	7,	7
-------------------------------------------------------
epoch:  8
start training:  2022-12-29 15:22:36.231343
[0/2811] Loss: 5.7860
[563/2811] Loss: 4.7009
[1126/2811] Loss: 4.7566
[1689/2811] Loss: 4.4752
[2252/2811] Loss: 4.7155
	Loss:	13414.415
start predicting:  2022-12-29 15:47:03.779389
Best Result:
	Recall@20:	54.6849	MMR@20:	18.7189	Epoch:	8,	8
-------------------------------------------------------
epoch:  9
start training:  2022-12-29 15:48:57.703286
[0/2811] Loss: 5.7699
[563/2811] Loss: 4.7118
[1126/2811] Loss: 4.7450
[1689/2811] Loss: 4.4722
[2252/2811] Loss: 4.7064
	Loss:	13397.257
start predicting:  2022-12-29 16:13:24.834537
Best Result:
	Recall@20:	54.6849	MMR@20:	18.7392	Epoch:	8,	9
-------------------------------------------------------
epoch:  10
start training:  2022-12-29 16:15:17.295017
[0/2811] Loss: 5.7603
[563/2811] Loss: 4.5669
[1126/2811] Loss: 4.4899
[1689/2811] Loss: 4.1362
[2252/2811] Loss: 4.1565
	Loss:	12482.036
start predicting:  2022-12-29 16:39:11.963193
Best Result:
	Recall@20:	55.5011	MMR@20:	19.0163	Epoch:	10,	10
-------------------------------------------------------
epoch:  11
start training:  2022-12-29 16:41:01.813389
[0/2811] Loss: 5.4956
[563/2811] Loss: 4.3777
[1126/2811] Loss: 4.3483
[1689/2811] Loss: 4.0701
[2252/2811] Loss: 4.1554
	Loss:	12160.701
start predicting:  2022-12-29 17:04:56.387019
Best Result:
	Recall@20:	55.5011	MMR@20:	19.0163	Epoch:	10,	10
-------------------------------------------------------
epoch:  12
start training:  2022-12-29 17:06:45.636599
[0/2811] Loss: 5.3209
[563/2811] Loss: 4.2942
[1126/2811] Loss: 4.2765
[1689/2811] Loss: 4.0464
[2252/2811] Loss: 4.1639
	Loss:	12026.747
start predicting:  2022-12-29 17:30:43.701201
Best Result:
	Recall@20:	55.5011	MMR@20:	19.0163	Epoch:	10,	10
-------------------------------------------------------
Run time: 20730.555409 s
