start of program
#############################################################################
Name of test: 
	yoo-7
Changes made: 
	1. based on yoo-2, change step to 4
Namespace(batchSize=256, cutnum=10, dataset='yoochoose1_64', epoch=30, hiddenSize=256, l2=1e-05, lr=0.001, lr_dc=0.1, lr_dc_step=3, patience=10, step=4, tau=12)
-------------------------------------------------------
epoch:  0
start training:  2023-01-28 00:56:30.163213
[0/1362] Loss: 9.8981
[273/1362] Loss: 5.7171
[546/1362] Loss: 4.9656
[819/1362] Loss: 5.0430
[1092/1362] Loss: 5.0516
	Loss:	7083.368
start predicting:  2023-01-28 01:04:29.723194
Best Result:
	Recall@20:	70.5484	MMR@20:	30.5384	Epoch:	0,	0
-------------------------------------------------------
epoch:  1
start training:  2023-01-28 01:05:20.362070
[0/1362] Loss: 4.0983
[273/1362] Loss: 4.3094
[546/1362] Loss: 4.0308
[819/1362] Loss: 4.1984
[1092/1362] Loss: 4.6541
	Loss:	5604.390
start predicting:  2023-01-28 01:13:24.316342
Best Result:
	Recall@20:	71.7095	MMR@20:	31.1387	Epoch:	1,	1
-------------------------------------------------------
epoch:  2
start training:  2023-01-28 01:14:15.586652
[0/1362] Loss: 3.8954
[273/1362] Loss: 4.1156
[546/1362] Loss: 3.7925
[819/1362] Loss: 3.9923
[1092/1362] Loss: 4.5027
	Loss:	5303.343
start predicting:  2023-01-28 01:22:17.488391
Best Result:
	Recall@20:	71.7908	MMR@20:	31.2586	Epoch:	2,	2
-------------------------------------------------------
epoch:  3
start training:  2023-01-28 01:23:08.653010
[0/1362] Loss: 3.8332
[273/1362] Loss: 3.9599
[546/1362] Loss: 3.6121
[819/1362] Loss: 3.6377
[1092/1362] Loss: 4.1956
	Loss:	4971.735
start predicting:  2023-01-28 01:31:10.599227
Best Result:
	Recall@20:	72.5311	MMR@20:	32.3281	Epoch:	3,	3
-------------------------------------------------------
epoch:  4
start training:  2023-01-28 01:32:01.895361
[0/1362] Loss: 3.6526
[273/1362] Loss: 3.8856
[546/1362] Loss: 3.5464
[819/1362] Loss: 3.5929
[1092/1362] Loss: 4.1761
	Loss:	4891.532
start predicting:  2023-01-28 01:40:00.816393
Best Result:
	Recall@20:	72.5510	MMR@20:	32.4346	Epoch:	4,	4
-------------------------------------------------------
epoch:  5
start training:  2023-01-28 01:40:51.715479
[0/1362] Loss: 3.6119
[273/1362] Loss: 3.8453
[546/1362] Loss: 3.5102
[819/1362] Loss: 3.5626
[1092/1362] Loss: 4.1628
	Loss:	4848.588
start predicting:  2023-01-28 01:48:52.543794
Best Result:
	Recall@20:	72.5510	MMR@20:	32.4509	Epoch:	4,	5
-------------------------------------------------------
epoch:  6
start training:  2023-01-28 01:49:43.387432
[0/1362] Loss: 3.5821
[273/1362] Loss: 3.8282
[546/1362] Loss: 3.4827
[819/1362] Loss: 3.4960
[1092/1362] Loss: 4.0926
	Loss:	4799.809
start predicting:  2023-01-28 01:57:43.856901
Best Result:
	Recall@20:	72.5510	MMR@20:	32.4509	Epoch:	4,	5
-------------------------------------------------------
epoch:  7
start training:  2023-01-28 01:58:34.039975
[0/1362] Loss: 3.5350
[273/1362] Loss: 3.8089
[546/1362] Loss: 3.4756
[819/1362] Loss: 3.4900
[1092/1362] Loss: 4.0961
	Loss:	4785.032
start predicting:  2023-01-28 02:06:33.971633
Best Result:
	Recall@20:	72.5510	MMR@20:	32.4686	Epoch:	4,	7
-------------------------------------------------------
epoch:  8
start training:  2023-01-28 02:07:23.843618
[0/1362] Loss: 3.5274
[273/1362] Loss: 3.8027
[546/1362] Loss: 3.4710
[819/1362] Loss: 3.4871
[1092/1362] Loss: 4.0981
	Loss:	4778.686
start predicting:  2023-01-28 02:15:19.151422
Best Result:
	Recall@20:	72.5510	MMR@20:	32.4686	Epoch:	4,	7
-------------------------------------------------------
epoch:  9
start training:  2023-01-28 02:16:09.417075
[0/1362] Loss: 3.5220
[273/1362] Loss: 3.8097
[546/1362] Loss: 3.4768
[819/1362] Loss: 3.4814
[1092/1362] Loss: 4.0855
	Loss:	4773.961
start predicting:  2023-01-28 02:24:04.431531
Best Result:
	Recall@20:	72.5510	MMR@20:	32.4686	Epoch:	4,	7
-------------------------------------------------------
epoch:  10
start training:  2023-01-28 02:24:54.375641
[0/1362] Loss: 3.5165
[273/1362] Loss: 3.8060
[546/1362] Loss: 3.4734
[819/1362] Loss: 3.4807
[1092/1362] Loss: 4.0873
	Loss:	4772.048
start predicting:  2023-01-28 02:32:47.812422
Best Result:
	Recall@20:	72.5510	MMR@20:	32.4686	Epoch:	4,	7
-------------------------------------------------------
epoch:  11
start training:  2023-01-28 02:33:37.406516
[0/1362] Loss: 3.5133
[273/1362] Loss: 3.8034
[546/1362] Loss: 3.4714
[819/1362] Loss: 3.4801
[1092/1362] Loss: 4.0888
	Loss:	4770.855
start predicting:  2023-01-28 02:41:28.363596
Best Result:
	Recall@20:	72.5510	MMR@20:	32.4686	Epoch:	4,	7
-------------------------------------------------------
epoch:  12
start training:  2023-01-28 02:42:17.869540
[0/1362] Loss: 3.5112
[273/1362] Loss: 3.8028
[546/1362] Loss: 3.4721
[819/1362] Loss: 3.4791
[1092/1362] Loss: 4.0862
	Loss:	4770.047
start predicting:  2023-01-28 02:50:07.442528
Best Result:
	Recall@20:	72.5510	MMR@20:	32.4686	Epoch:	4,	7
-------------------------------------------------------
epoch:  13
start training:  2023-01-28 02:50:56.931120
[0/1362] Loss: 3.5105
[273/1362] Loss: 3.8026
[546/1362] Loss: 3.4718
[819/1362] Loss: 3.4790
[1092/1362] Loss: 4.0869
	Loss:	4769.819
start predicting:  2023-01-28 02:58:47.675224
Best Result:
	Recall@20:	72.5510	MMR@20:	32.4686	Epoch:	4,	7
-------------------------------------------------------
epoch:  14
start training:  2023-01-28 02:59:37.106538
[0/1362] Loss: 3.5100
[273/1362] Loss: 3.8024
[546/1362] Loss: 3.4716
[819/1362] Loss: 3.4789
[1092/1362] Loss: 4.0874
	Loss:	4769.680
start predicting:  2023-01-28 03:07:27.066200
Best Result:
	Recall@20:	72.5510	MMR@20:	32.4686	Epoch:	4,	7
-------------------------------------------------------
epoch:  15
start training:  2023-01-28 03:08:16.623818
[0/1362] Loss: 3.5097
[273/1362] Loss: 3.8023
[546/1362] Loss: 3.4716
[819/1362] Loss: 3.4788
[1092/1362] Loss: 4.0869
	Loss:	4769.544
start predicting:  2023-01-28 03:16:06.931760
Best Result:
	Recall@20:	72.5510	MMR@20:	32.4686	Epoch:	4,	7
-------------------------------------------------------
epoch:  16
start training:  2023-01-28 03:16:56.503862
[0/1362] Loss: 3.5097
[273/1362] Loss: 3.8023
[546/1362] Loss: 3.4716
[819/1362] Loss: 3.4788
[1092/1362] Loss: 4.0870
	Loss:	4769.536
start predicting:  2023-01-28 03:24:52.448676
Best Result:
	Recall@20:	72.5510	MMR@20:	32.4686	Epoch:	4,	7
-------------------------------------------------------
Run time: 8951.827599 s
