start of program
#############################################################################
Name of test: 
	Yoochoose1/64-DGTN-55.91-2
Changes made: 
	1. based on 55.91, use original paper's parameter
Namespace(batchSize=100, cutnum=10, dataset='yoochoose1_64', epoch=30, hiddenSize=256, l2=1e-05, lr=0.001, lr_dc=0.1, lr_dc_step=3, patience=10, step=1, tau=12)
-------------------------------------------------------
epoch:  0
start training:  2023-01-18 17:09:49.080047
[0/3487] Loss: 9.9393
[698/3487] Loss: 5.7888
[1396/3487] Loss: 4.5600
[2094/3487] Loss: 3.9911
[2792/3487] Loss: 4.2951
	Loss:	17519.229
start predicting:  2023-01-18 17:12:02.145181
Best Result:
	Recall@20:	70.6622	MMR@20:	30.4450	Epoch:	0,	0
-------------------------------------------------------
epoch:  1
start training:  2023-01-18 17:12:16.974237
[0/3487] Loss: 4.0936
[698/3487] Loss: 4.7153
[1396/3487] Loss: 4.1777
[2094/3487] Loss: 3.5758
[2792/3487] Loss: 3.8699
	Loss:	14349.975
start predicting:  2023-01-18 17:14:31.484122
Best Result:
	Recall@20:	71.6969	MMR@20:	30.9974	Epoch:	1,	1
-------------------------------------------------------
epoch:  2
start training:  2023-01-18 17:14:47.119249
[0/3487] Loss: 3.8894
[698/3487] Loss: 4.5299
[1396/3487] Loss: 4.0935
[2094/3487] Loss: 3.4466
[2792/3487] Loss: 3.7429
	Loss:	13751.261
start predicting:  2023-01-18 17:17:02.469921
Best Result:
	Recall@20:	71.8883	MMR@20:	31.3776	Epoch:	2,	2
-------------------------------------------------------
epoch:  3
start training:  2023-01-18 17:17:18.288874
[0/3487] Loss: 3.7984
[698/3487] Loss: 4.3367
[1396/3487] Loss: 3.9619
[2094/3487] Loss: 3.1908
[2792/3487] Loss: 3.3938
	Loss:	12824.677
start predicting:  2023-01-18 17:19:38.515734
Best Result:
	Recall@20:	72.6160	MMR@20:	32.0820	Epoch:	3,	3
-------------------------------------------------------
epoch:  4
start training:  2023-01-18 17:19:52.614835
[0/3487] Loss: 3.6533
[698/3487] Loss: 4.2174
[1396/3487] Loss: 3.9070
[2094/3487] Loss: 3.1524
[2792/3487] Loss: 3.3806
	Loss:	12593.897
start predicting:  2023-01-18 17:22:07.697830
Best Result:
	Recall@20:	72.6160	MMR@20:	32.1429	Epoch:	3,	4
-------------------------------------------------------
epoch:  5
start training:  2023-01-18 17:22:23.363606
[0/3487] Loss: 3.6047
[698/3487] Loss: 4.1454
[1396/3487] Loss: 3.8742
[2094/3487] Loss: 3.1349
[2792/3487] Loss: 3.3770
	Loss:	12476.911
start predicting:  2023-01-18 17:24:37.758191
Best Result:
	Recall@20:	72.6160	MMR@20:	32.1491	Epoch:	3,	5
-------------------------------------------------------
epoch:  6
start training:  2023-01-18 17:24:53.201572
[0/3487] Loss: 3.5666
[698/3487] Loss: 4.1158
[1396/3487] Loss: 3.8293
[2094/3487] Loss: 3.0709
[2792/3487] Loss: 3.3158
	Loss:	12334.630
start predicting:  2023-01-18 17:27:05.897581
Best Result:
	Recall@20:	72.6160	MMR@20:	32.2414	Epoch:	3,	6
-------------------------------------------------------
epoch:  7
start training:  2023-01-18 17:27:21.402898
[0/3487] Loss: 3.5280
[698/3487] Loss: 4.0946
[1396/3487] Loss: 3.8261
[2094/3487] Loss: 3.0689
[2792/3487] Loss: 3.3194
	Loss:	12296.205
start predicting:  2023-01-18 17:29:35.520827
Best Result:
	Recall@20:	72.6160	MMR@20:	32.2414	Epoch:	3,	6
-------------------------------------------------------
epoch:  8
start training:  2023-01-18 17:29:50.834078
[0/3487] Loss: 3.5232
[698/3487] Loss: 4.0831
[1396/3487] Loss: 3.8231
[2094/3487] Loss: 3.0680
[2792/3487] Loss: 3.3211
	Loss:	12280.009
start predicting:  2023-01-18 17:32:05.775618
Best Result:
	Recall@20:	72.6160	MMR@20:	32.2414	Epoch:	3,	6
-------------------------------------------------------
epoch:  9
start training:  2023-01-18 17:32:21.675427
[0/3487] Loss: 3.5186
[698/3487] Loss: 4.1005
[1396/3487] Loss: 3.8071
[2094/3487] Loss: 3.0550
[2792/3487] Loss: 3.3075
	Loss:	12270.718
start predicting:  2023-01-18 17:34:37.803465
Best Result:
	Recall@20:	72.6160	MMR@20:	32.2414	Epoch:	3,	6
-------------------------------------------------------
epoch:  10
start training:  2023-01-18 17:34:53.388337
[0/3487] Loss: 3.5079
[698/3487] Loss: 4.0921
[1396/3487] Loss: 3.8092
[2094/3487] Loss: 3.0566
[2792/3487] Loss: 3.3088
	Loss:	12263.266
start predicting:  2023-01-18 17:37:09.305830
Best Result:
	Recall@20:	72.6160	MMR@20:	32.2414	Epoch:	3,	6
-------------------------------------------------------
epoch:  11
start training:  2023-01-18 17:37:24.628470
[0/3487] Loss: 3.5044
[698/3487] Loss: 4.0879
[1396/3487] Loss: 3.8102
[2094/3487] Loss: 3.0575
[2792/3487] Loss: 3.3100
	Loss:	12259.516
start predicting:  2023-01-18 17:39:45.328453
Best Result:
	Recall@20:	72.6160	MMR@20:	32.2414	Epoch:	3,	6
-------------------------------------------------------
epoch:  12
start training:  2023-01-18 17:39:57.458549
[0/3487] Loss: 3.5023
[698/3487] Loss: 4.0922
[1396/3487] Loss: 3.8052
[2094/3487] Loss: 3.0576
[2792/3487] Loss: 3.3081
	Loss:	12257.687
start predicting:  2023-01-18 17:42:19.099984
Best Result:
	Recall@20:	72.6160	MMR@20:	32.2414	Epoch:	3,	6
-------------------------------------------------------
epoch:  13
start training:  2023-01-18 17:42:31.431269
[0/3487] Loss: 3.5010
[698/3487] Loss: 4.0902
[1396/3487] Loss: 3.8064
[2094/3487] Loss: 3.0572
[2792/3487] Loss: 3.3083
	Loss:	12256.841
start predicting:  2023-01-18 17:44:50.720892
Best Result:
	Recall@20:	72.6160	MMR@20:	32.2414	Epoch:	3,	6
-------------------------------------------------------
epoch:  14
start training:  2023-01-18 17:45:04.091666
[0/3487] Loss: 3.5003
[698/3487] Loss: 4.0889
[1396/3487] Loss: 3.8072
[2094/3487] Loss: 3.0570
[2792/3487] Loss: 3.3084
	Loss:	12256.308
start predicting:  2023-01-18 17:47:31.475341
Best Result:
	Recall@20:	72.6160	MMR@20:	32.2414	Epoch:	3,	6
-------------------------------------------------------
epoch:  15
start training:  2023-01-18 17:47:44.281690
[0/3487] Loss: 3.4998
[698/3487] Loss: 4.0887
[1396/3487] Loss: 3.8070
[2094/3487] Loss: 3.0570
[2792/3487] Loss: 3.3082
	Loss:	12255.931
start predicting:  2023-01-18 17:50:10.162316
Best Result:
	Recall@20:	72.6160	MMR@20:	32.2414	Epoch:	3,	6
-------------------------------------------------------
epoch:  16
start training:  2023-01-18 17:50:23.698228
[0/3487] Loss: 3.4997
[698/3487] Loss: 4.0886
[1396/3487] Loss: 3.8071
[2094/3487] Loss: 3.0570
[2792/3487] Loss: 3.3082
	Loss:	12255.897
start predicting:  2023-01-18 17:52:46.502761
Best Result:
	Recall@20:	72.6160	MMR@20:	32.2414	Epoch:	3,	6
-------------------------------------------------------
Run time: 2590.584329 s
